<?xml version="1.0" encoding="UTF-8"?>
<testng-results ignored="2" total="6" passed="4" failed="0" skipped="0">
  <reporter-output>
  </reporter-output>
  <suite started-at="2022-07-29T20:20:50 SGT" name="Suite" finished-at="2022-07-29T20:21:26 SGT" duration-ms="36352">
    <groups>
      <group name="cucumber">
        <method signature="AbstractTestNGCucumberTests.runScenario(cucumber.api.testng.PickleEventWrapper, cucumber.api.testng.CucumberFeatureWrapper)[pri:0, instance:com.salesforce.testcases.TC001_Login_Cucumber@3745e5c6]" name="runScenario" class="cucumber.api.testng.AbstractTestNGCucumberTests"/>
        <method signature="AbstractTestNGCucumberTests.runScenario(cucumber.api.testng.PickleEventWrapper, cucumber.api.testng.CucumberFeatureWrapper)[pri:0, instance:com.salesforce.testcases.TC002_CreateLead_Cucumber@5e4c8041]" name="runScenario" class="cucumber.api.testng.AbstractTestNGCucumberTests"/>
      </group> <!-- cucumber -->
    </groups>
    <test started-at="2022-07-29T20:20:50 SGT" name="Test" finished-at="2022-07-29T20:21:26 SGT" duration-ms="36352">
      <class name="com.salesforce.testcases.TC002_CreateLead_Cucumber">
        <test-method is-config="true" signature="setValues()[pri:0, instance:com.salesforce.testcases.TC002_CreateLead_Cucumber@5e4c8041]" started-at="2022-07-29T20:20:50 SGT" name="setValues" finished-at="2022-07-29T20:20:50 SGT" duration-ms="1" status="PASS">
          <reporter-output>
          </reporter-output>
        </test-method> <!-- setValues -->
        <test-method is-config="true" signature="setUpClass()[pri:0, instance:com.salesforce.testcases.TC002_CreateLead_Cucumber@5e4c8041]" started-at="2022-07-29T20:21:08 SGT" name="setUpClass" finished-at="2022-07-29T20:21:08 SGT" duration-ms="2" status="PASS">
          <reporter-output>
          </reporter-output>
        </test-method> <!-- setUpClass -->
        <test-method is-config="true" signature="startTestCase()[pri:0, instance:com.salesforce.testcases.TC002_CreateLead_Cucumber@5e4c8041]" started-at="2022-07-29T20:21:08 SGT" name="startTestCase" finished-at="2022-07-29T20:21:08 SGT" duration-ms="0" status="PASS">
          <reporter-output>
          </reporter-output>
        </test-method> <!-- startTestCase -->
        <test-method is-config="true" signature="preCondition()[pri:0, instance:com.salesforce.testcases.TC002_CreateLead_Cucumber@5e4c8041]" started-at="2022-07-29T20:21:08 SGT" name="preCondition" finished-at="2022-07-29T20:21:13 SGT" duration-ms="4760" status="PASS">
          <reporter-output>
          </reporter-output>
        </test-method> <!-- preCondition -->
        <test-method signature="runScenario(cucumber.api.testng.PickleEventWrapper, cucumber.api.testng.CucumberFeatureWrapper)[pri:0, instance:com.salesforce.testcases.TC002_CreateLead_Cucumber@5e4c8041]" started-at="2022-07-29T20:21:13 SGT" name="runScenario" description="Runs Cucumber Scenarios" data-provider="scenarios" finished-at="2022-07-29T20:21:17 SGT" duration-ms="3647" status="PASS">
          <params>
            <param index="0">
              <value>
                <![CDATA["CreateLead with positive data"]]>
              </value>
            </param>
            <param index="1">
              <value>
                <![CDATA["Login salesforce"]]>
              </value>
            </param>
          </params>
          <reporter-output>
          </reporter-output>
        </test-method> <!-- runScenario -->
        <test-method is-config="true" signature="postCondition()[pri:0, instance:com.salesforce.testcases.TC002_CreateLead_Cucumber@5e4c8041]" started-at="2022-07-29T20:21:17 SGT" name="postCondition" finished-at="2022-07-29T20:21:17 SGT" duration-ms="145" status="PASS">
          <reporter-output>
          </reporter-output>
        </test-method> <!-- postCondition -->
        <test-method is-config="true" signature="preCondition()[pri:0, instance:com.salesforce.testcases.TC002_CreateLead_Cucumber@5e4c8041]" started-at="2022-07-29T20:21:17 SGT" name="preCondition" finished-at="2022-07-29T20:21:23 SGT" duration-ms="5807" status="PASS">
          <reporter-output>
          </reporter-output>
        </test-method> <!-- preCondition -->
        <test-method signature="runScenario(cucumber.api.testng.PickleEventWrapper, cucumber.api.testng.CucumberFeatureWrapper)[pri:0, instance:com.salesforce.testcases.TC002_CreateLead_Cucumber@5e4c8041]" started-at="2022-07-29T20:21:23 SGT" name="runScenario" description="Runs Cucumber Scenarios" data-provider="scenarios" finished-at="2022-07-29T20:21:26 SGT" duration-ms="3301" status="PASS">
          <params>
            <param index="0">
              <value>
                <![CDATA["CreateLead with negative data"]]>
              </value>
            </param>
            <param index="1">
              <value>
                <![CDATA["Login salesforce"]]>
              </value>
            </param>
          </params>
          <reporter-output>
          </reporter-output>
        </test-method> <!-- runScenario -->
        <test-method is-config="true" signature="postCondition()[pri:0, instance:com.salesforce.testcases.TC002_CreateLead_Cucumber@5e4c8041]" started-at="2022-07-29T20:21:26 SGT" name="postCondition" finished-at="2022-07-29T20:21:26 SGT" duration-ms="169" status="PASS">
          <reporter-output>
          </reporter-output>
        </test-method> <!-- postCondition -->
        <test-method is-config="true" signature="tearDownClass()[pri:0, instance:com.salesforce.testcases.TC002_CreateLead_Cucumber@5e4c8041]" started-at="2022-07-29T20:21:26 SGT" name="tearDownClass" finished-at="2022-07-29T20:21:26 SGT" duration-ms="2" status="PASS">
          <reporter-output>
          </reporter-output>
        </test-method> <!-- tearDownClass -->
      </class> <!-- com.salesforce.testcases.TC002_CreateLead_Cucumber -->
      <class name="com.salesforce.testcases.TC001_Login_Cucumber">
        <test-method is-config="true" signature="startReport()[pri:0, instance:com.salesforce.testcases.TC001_Login_Cucumber@3745e5c6]" started-at="2022-07-29T20:20:50 SGT" name="startReport" finished-at="2022-07-29T20:20:50 SGT" duration-ms="119" status="PASS">
          <reporter-output>
          </reporter-output>
        </test-method> <!-- startReport -->
        <test-method is-config="true" signature="setValues()[pri:0, instance:com.salesforce.testcases.TC001_Login_Cucumber@3745e5c6]" started-at="2022-07-29T20:20:50 SGT" name="setValues" finished-at="2022-07-29T20:20:50 SGT" duration-ms="0" status="PASS">
          <reporter-output>
          </reporter-output>
        </test-method> <!-- setValues -->
        <test-method is-config="true" signature="setUpClass()[pri:0, instance:com.salesforce.testcases.TC001_Login_Cucumber@3745e5c6]" started-at="2022-07-29T20:20:50 SGT" name="setUpClass" finished-at="2022-07-29T20:20:50 SGT" duration-ms="96" status="PASS">
          <reporter-output>
          </reporter-output>
        </test-method> <!-- setUpClass -->
        <test-method is-config="true" signature="startTestCase()[pri:0, instance:com.salesforce.testcases.TC001_Login_Cucumber@3745e5c6]" started-at="2022-07-29T20:20:50 SGT" name="startTestCase" finished-at="2022-07-29T20:20:50 SGT" duration-ms="4" status="PASS">
          <reporter-output>
          </reporter-output>
        </test-method> <!-- startTestCase -->
        <test-method is-config="true" signature="preCondition()[pri:0, instance:com.salesforce.testcases.TC001_Login_Cucumber@3745e5c6]" started-at="2022-07-29T20:20:50 SGT" name="preCondition" finished-at="2022-07-29T20:20:57 SGT" duration-ms="7240" status="PASS">
          <reporter-output>
          </reporter-output>
        </test-method> <!-- preCondition -->
        <test-method signature="runScenario(cucumber.api.testng.PickleEventWrapper, cucumber.api.testng.CucumberFeatureWrapper)[pri:0, instance:com.salesforce.testcases.TC001_Login_Cucumber@3745e5c6]" started-at="2022-07-29T20:20:57 SGT" name="runScenario" description="Runs Cucumber Scenarios" data-provider="scenarios" finished-at="2022-07-29T20:21:00 SGT" duration-ms="3179" status="PASS">
          <params>
            <param index="0">
              <value>
                <![CDATA["Login with positive data"]]>
              </value>
            </param>
            <param index="1">
              <value>
                <![CDATA["Login salesforce"]]>
              </value>
            </param>
          </params>
          <reporter-output>
          </reporter-output>
        </test-method> <!-- runScenario -->
        <test-method is-config="true" signature="postCondition()[pri:0, instance:com.salesforce.testcases.TC001_Login_Cucumber@3745e5c6]" started-at="2022-07-29T20:21:00 SGT" name="postCondition" finished-at="2022-07-29T20:21:01 SGT" duration-ms="154" status="PASS">
          <reporter-output>
          </reporter-output>
        </test-method> <!-- postCondition -->
        <test-method is-config="true" signature="preCondition()[pri:0, instance:com.salesforce.testcases.TC001_Login_Cucumber@3745e5c6]" started-at="2022-07-29T20:21:01 SGT" name="preCondition" finished-at="2022-07-29T20:21:05 SGT" duration-ms="4629" status="PASS">
          <reporter-output>
          </reporter-output>
        </test-method> <!-- preCondition -->
        <test-method signature="runScenario(cucumber.api.testng.PickleEventWrapper, cucumber.api.testng.CucumberFeatureWrapper)[pri:0, instance:com.salesforce.testcases.TC001_Login_Cucumber@3745e5c6]" started-at="2022-07-29T20:21:05 SGT" name="runScenario" description="Runs Cucumber Scenarios" data-provider="scenarios" finished-at="2022-07-29T20:21:08 SGT" duration-ms="3026" status="PASS">
          <params>
            <param index="0">
              <value>
                <![CDATA["Login with negative data"]]>
              </value>
            </param>
            <param index="1">
              <value>
                <![CDATA["Login salesforce"]]>
              </value>
            </param>
          </params>
          <reporter-output>
          </reporter-output>
        </test-method> <!-- runScenario -->
        <test-method is-config="true" signature="postCondition()[pri:0, instance:com.salesforce.testcases.TC001_Login_Cucumber@3745e5c6]" started-at="2022-07-29T20:21:08 SGT" name="postCondition" finished-at="2022-07-29T20:21:08 SGT" duration-ms="136" status="PASS">
          <reporter-output>
          </reporter-output>
        </test-method> <!-- postCondition -->
        <test-method is-config="true" signature="tearDownClass()[pri:0, instance:com.salesforce.testcases.TC001_Login_Cucumber@3745e5c6]" started-at="2022-07-29T20:21:08 SGT" name="tearDownClass" finished-at="2022-07-29T20:21:08 SGT" duration-ms="5" status="PASS">
          <reporter-output>
          </reporter-output>
        </test-method> <!-- tearDownClass -->
        <test-method is-config="true" signature="endResult()[pri:0, instance:com.salesforce.testcases.TC001_Login_Cucumber@3745e5c6]" started-at="2022-07-29T20:21:26 SGT" name="endResult" finished-at="2022-07-29T20:21:32 SGT" duration-ms="5268" status="PASS">
          <reporter-output>
          </reporter-output>
        </test-method> <!-- endResult -->
      </class> <!-- com.salesforce.testcases.TC001_Login_Cucumber -->
    </test> <!-- Test -->
  </suite> <!-- Suite -->
</testng-results>
