<?xml version="1.0" encoding="UTF-8"?>
<testsuite xmlns:xsi="http://www.w3.org/2001/XMLSchema-instance" xsi:noNamespaceSchemaLocation="https://maven.apache.org/surefire/maven-surefire-plugin/xsd/surefire-test-report-3.0.xsd" version="3.0" name="TestSuite" time="42.153" tests="4" errors="0" skipped="0" failures="0">
  <properties>
[...]
</properties>
  <testcase name="runScenario" classname="com.salesforce.testcases.TC001_Login_Cucumber" time="3.182"/>
  <testcase name="runScenario" classname="com.salesforce.testcases.TC001_Login_Cucumber" time="3.027"/>
  <testcase name="runScenario" classname="com.salesforce.testcases.TC002_CreateLead_Cucumber" time="3.647"/>
  <testcase name="runScenario" classname="com.salesforce.testcases.TC002_CreateLead_Cucumber" time="3.3"/>
</testsuite>