<?xml version="1.0" encoding="UTF-8"?>
<testng-results ignored="0" total="1" passed="1" failed="0" skipped="0">
  <reporter-output>
  </reporter-output>
  <suite started-at="2023-07-13T23:34:29 SGT" name="Default suite" finished-at="2023-07-13T23:34:44 SGT" duration-ms="14507">
    <groups>
      <group name="cucumber">
        <method signature="AbstractTestNGCucumberTests.runScenario(cucumber.api.testng.PickleEventWrapper, cucumber.api.testng.CucumberFeatureWrapper)[pri:0, instance:com.salesforce.testcases.TC001_Signup_Cucumber@27ce24aa]" name="runScenario" class="cucumber.api.testng.AbstractTestNGCucumberTests"/>
      </group> <!-- cucumber -->
    </groups>
    <test started-at="2023-07-13T23:34:29 SGT" name="Default test" finished-at="2023-07-13T23:34:44 SGT" duration-ms="14507">
      <class name="com.salesforce.testcases.TC001_Signup_Cucumber">
        <test-method is-config="true" signature="startReport()[pri:0, instance:com.salesforce.testcases.TC001_Signup_Cucumber@27ce24aa]" started-at="2023-07-13T23:34:28 SGT" name="startReport" finished-at="2023-07-13T23:34:29 SGT" duration-ms="497" status="PASS">
          <reporter-output>
          </reporter-output>
        </test-method> <!-- startReport -->
        <test-method is-config="true" signature="setValues()[pri:0, instance:com.salesforce.testcases.TC001_Signup_Cucumber@27ce24aa]" started-at="2023-07-13T23:34:29 SGT" name="setValues" finished-at="2023-07-13T23:34:29 SGT" duration-ms="1" status="PASS">
          <reporter-output>
          </reporter-output>
        </test-method> <!-- setValues -->
        <test-method is-config="true" signature="setUpClass()[pri:0, instance:com.salesforce.testcases.TC001_Signup_Cucumber@27ce24aa]" started-at="2023-07-13T23:34:29 SGT" name="setUpClass" finished-at="2023-07-13T23:34:29 SGT" duration-ms="255" status="PASS">
          <reporter-output>
          </reporter-output>
        </test-method> <!-- setUpClass -->
        <test-method is-config="true" signature="startTestCase()[pri:0, instance:com.salesforce.testcases.TC001_Signup_Cucumber@27ce24aa]" started-at="2023-07-13T23:34:29 SGT" name="startTestCase" finished-at="2023-07-13T23:34:29 SGT" duration-ms="43" status="PASS">
          <reporter-output>
          </reporter-output>
        </test-method> <!-- startTestCase -->
        <test-method is-config="true" signature="preCondition()[pri:0, instance:com.salesforce.testcases.TC001_Signup_Cucumber@27ce24aa]" started-at="2023-07-13T23:34:29 SGT" name="preCondition" finished-at="2023-07-13T23:34:39 SGT" duration-ms="9178" status="PASS">
          <reporter-output>
          </reporter-output>
        </test-method> <!-- preCondition -->
        <test-method signature="runScenario(cucumber.api.testng.PickleEventWrapper, cucumber.api.testng.CucumberFeatureWrapper)[pri:0, instance:com.salesforce.testcases.TC001_Signup_Cucumber@27ce24aa]" started-at="2023-07-13T23:34:39 SGT" name="runScenario" description="Runs Cucumber Scenarios" data-provider="scenarios" finished-at="2023-07-13T23:34:43 SGT" duration-ms="4290" status="PASS">
          <params>
            <param index="0">
              <value>
                <![CDATA["User Signup with positive data"]]>
              </value>
            </param>
            <param index="1">
              <value>
                <![CDATA["Gmail Signup"]]>
              </value>
            </param>
          </params>
          <reporter-output>
          </reporter-output>
        </test-method> <!-- runScenario -->
        <test-method is-config="true" signature="postCondition()[pri:0, instance:com.salesforce.testcases.TC001_Signup_Cucumber@27ce24aa]" started-at="2023-07-13T23:34:43 SGT" name="postCondition" finished-at="2023-07-13T23:34:43 SGT" duration-ms="611" status="PASS">
          <reporter-output>
          </reporter-output>
        </test-method> <!-- postCondition -->
        <test-method is-config="true" signature="tearDownClass()[pri:0, instance:com.salesforce.testcases.TC001_Signup_Cucumber@27ce24aa]" started-at="2023-07-13T23:34:43 SGT" name="tearDownClass" finished-at="2023-07-13T23:34:43 SGT" duration-ms="14" status="PASS">
          <reporter-output>
          </reporter-output>
        </test-method> <!-- tearDownClass -->
        <test-method is-config="true" signature="endResult()[pri:0, instance:com.salesforce.testcases.TC001_Signup_Cucumber@27ce24aa]" started-at="2023-07-13T23:34:44 SGT" name="endResult" finished-at="2023-07-13T23:34:45 SGT" duration-ms="1174" status="PASS">
          <reporter-output>
          </reporter-output>
        </test-method> <!-- endResult -->
      </class> <!-- com.salesforce.testcases.TC001_Signup_Cucumber -->
    </test> <!-- Default test -->
  </suite> <!-- Default suite -->
</testng-results>
